2013-06-15 06:48:32 Error: [MissingControllerException] Controller class TestController could not be found.
Exception Attributes: array (
  'class' => 'TestController',
  'plugin' => NULL,
)
Request URL: /test
Stack Trace:
#0 C:\Development\Workspace\ProBakery\app\webroot\index.php(110): Dispatcher->dispatch(Object(CakeRequest), Object(CakeResponse))
#1 {main}
2013-06-15 06:48:36 Error: [MissingControllerException] Controller class TestaController could not be found.
Exception Attributes: array (
  'class' => 'TestaController',
  'plugin' => NULL,
)
Request URL: /testa
Stack Trace:
#0 C:\Development\Workspace\ProBakery\app\webroot\index.php(110): Dispatcher->dispatch(Object(CakeRequest), Object(CakeResponse))
#1 {main}
2013-06-15 06:48:39 Error: [MissingControllerException] Controller class TestController could not be found.
Exception Attributes: array (
  'class' => 'TestController',
  'plugin' => NULL,
)
Request URL: /test
Stack Trace:
#0 C:\Development\Workspace\ProBakery\app\webroot\index.php(110): Dispatcher->dispatch(Object(CakeRequest), Object(CakeResponse))
#1 {main}
2013-06-15 06:55:48 Error: [MissingControllerException] Controller class IndexController could not be found.
Exception Attributes: array (
  'class' => 'IndexController',
  'plugin' => NULL,
)
Request URL: /index
Stack Trace:
#0 C:\Development\Workspace\ProBakery\app\webroot\index.php(110): Dispatcher->dispatch(Object(CakeRequest), Object(CakeResponse))
#1 {main}
2013-06-15 06:55:50 Error: [MissingActionException] Action AppController::index() could not be found.
Exception Attributes: array (
  'controller' => 'AppController',
  'action' => 'index',
)
Request URL: /app
Stack Trace:
#0 C:\Development\Workspace\ProBakery\lib\Cake\Routing\Dispatcher.php(187): Controller->invokeAction(Object(CakeRequest))
#1 C:\Development\Workspace\ProBakery\lib\Cake\Routing\Dispatcher.php(162): Dispatcher->_invoke(Object(AppController), Object(CakeRequest), Object(CakeResponse))
#2 C:\Development\Workspace\ProBakery\app\webroot\index.php(110): Dispatcher->dispatch(Object(CakeRequest), Object(CakeResponse))
#3 {main}
2013-06-15 06:55:55 Error: [MissingControllerException] Controller class IndexController could not be found.
Exception Attributes: array (
  'class' => 'IndexController',
  'plugin' => NULL,
)
Request URL: /index
Stack Trace:
#0 C:\Development\Workspace\ProBakery\app\webroot\index.php(110): Dispatcher->dispatch(Object(CakeRequest), Object(CakeResponse))
#1 {main}
2013-06-15 06:55:57 Error: [MissingActionException] Action AppController::index() could not be found.
Exception Attributes: array (
  'controller' => 'AppController',
  'action' => 'index',
)
Request URL: /app
Stack Trace:
#0 C:\Development\Workspace\ProBakery\lib\Cake\Routing\Dispatcher.php(187): Controller->invokeAction(Object(CakeRequest))
#1 C:\Development\Workspace\ProBakery\lib\Cake\Routing\Dispatcher.php(162): Dispatcher->_invoke(Object(AppController), Object(CakeRequest), Object(CakeResponse))
#2 C:\Development\Workspace\ProBakery\app\webroot\index.php(110): Dispatcher->dispatch(Object(CakeRequest), Object(CakeResponse))
#3 {main}
2013-06-15 07:03:53 Error: Fatal Error (4): syntax error, unexpected '=', expecting ')' in [C:\Development\Workspace\ProBakery\app\Config\database.php, line 59]
2013-06-15 07:03:53 Error: [FatalErrorException] syntax error, unexpected '=', expecting ')'
Request URL: /
Stack Trace:
#0 C:\Development\Workspace\ProBakery\lib\Cake\Error\ErrorHandler.php(184): ErrorHandler::handleFatalError(4, 'syntax error, u...', 'C:\Development\...', 59)
#1 [internal function]: ErrorHandler::handleError(4, 'syntax error, u...', 'C:\Development\...', 59, Array)
#2 C:\Development\Workspace\ProBakery\lib\Cake\Core\App.php(927): call_user_func('ErrorHandler::h...', 4, 'syntax error, u...', 'C:\Development\...', 59, Array)
#3 C:\Development\Workspace\ProBakery\lib\Cake\Core\App.php(900): App::_checkFatalError()
#4 [internal function]: App::shutdown()
#5 {main}
2013-06-15 07:18:44 Error: [MissingViewException] View file "C:\Development\Workspace\ProBakery\app\View\Pages\1.ctp" is missing.
Exception Attributes: array (
  'file' => 'C:\\Development\\Workspace\\ProBakery\\app\\View\\Pages\\1.ctp',
)
Request URL: /pages/1
Stack Trace:
#0 C:\Development\Workspace\ProBakery\lib\Cake\View\View.php(468): View->_getViewFileName('1')
#1 C:\Development\Workspace\ProBakery\lib\Cake\Controller\Controller.php(948): View->render('1', NULL)
#2 C:\Development\Workspace\ProBakery\app\Controller\PagesController.php(73): Controller->render('1')
#3 [internal function]: PagesController->display('1')
#4 C:\Development\Workspace\ProBakery\lib\Cake\Controller\Controller.php(486): ReflectionMethod->invokeArgs(Object(PagesController), Array)
#5 C:\Development\Workspace\ProBakery\lib\Cake\Routing\Dispatcher.php(187): Controller->invokeAction(Object(CakeRequest))
#6 C:\Development\Workspace\ProBakery\lib\Cake\Routing\Dispatcher.php(162): Dispatcher->_invoke(Object(PagesController), Object(CakeRequest), Object(CakeResponse))
#7 C:\Development\Workspace\ProBakery\app\webroot\index.php(110): Dispatcher->dispatch(Object(CakeRequest), Object(CakeResponse))
#8 {main}
2013-06-15 07:18:52 Error: [MissingViewException] View file "C:\Development\Workspace\ProBakery\app\View\Pages\2.ctp" is missing.
Exception Attributes: array (
  'file' => 'C:\\Development\\Workspace\\ProBakery\\app\\View\\Pages\\2.ctp',
)
Request URL: /pages/2
Stack Trace:
#0 C:\Development\Workspace\ProBakery\lib\Cake\View\View.php(468): View->_getViewFileName('2')
#1 C:\Development\Workspace\ProBakery\lib\Cake\Controller\Controller.php(948): View->render('2', NULL)
#2 C:\Development\Workspace\ProBakery\app\Controller\PagesController.php(73): Controller->render('2')
#3 [internal function]: PagesController->display('2')
#4 C:\Development\Workspace\ProBakery\lib\Cake\Controller\Controller.php(486): ReflectionMethod->invokeArgs(Object(PagesController), Array)
#5 C:\Development\Workspace\ProBakery\lib\Cake\Routing\Dispatcher.php(187): Controller->invokeAction(Object(CakeRequest))
#6 C:\Development\Workspace\ProBakery\lib\Cake\Routing\Dispatcher.php(162): Dispatcher->_invoke(Object(PagesController), Object(CakeRequest), Object(CakeResponse))
#7 C:\Development\Workspace\ProBakery\app\webroot\index.php(110): Dispatcher->dispatch(Object(CakeRequest), Object(CakeResponse))
#8 {main}
2013-06-15 07:22:21 Error: [MissingActionException] Action PagesController::2() could not be found.
Exception Attributes: array (
  'controller' => 'PagesController',
  'action' => '2',
)
Request URL: /pages/2
Stack Trace:
#0 C:\Development\Workspace\ProBakery\lib\Cake\Routing\Dispatcher.php(187): Controller->invokeAction(Object(CakeRequest))
#1 C:\Development\Workspace\ProBakery\lib\Cake\Routing\Dispatcher.php(162): Dispatcher->_invoke(Object(PagesController), Object(CakeRequest), Object(CakeResponse))
#2 C:\Development\Workspace\ProBakery\app\webroot\index.php(110): Dispatcher->dispatch(Object(CakeRequest), Object(CakeResponse))
#3 {main}
2013-06-15 07:22:23 Error: [MissingActionException] Action PagesController::2() could not be found.
Exception Attributes: array (
  'controller' => 'PagesController',
  'action' => '2',
)
Request URL: /pages/2
Stack Trace:
#0 C:\Development\Workspace\ProBakery\lib\Cake\Routing\Dispatcher.php(187): Controller->invokeAction(Object(CakeRequest))
#1 C:\Development\Workspace\ProBakery\lib\Cake\Routing\Dispatcher.php(162): Dispatcher->_invoke(Object(PagesController), Object(CakeRequest), Object(CakeResponse))
#2 C:\Development\Workspace\ProBakery\app\webroot\index.php(110): Dispatcher->dispatch(Object(CakeRequest), Object(CakeResponse))
#3 {main}
2013-06-15 07:22:25 Error: [MissingActionException] Action PagesController::2() could not be found.
Exception Attributes: array (
  'controller' => 'PagesController',
  'action' => '2',
)
Request URL: /pages/2
Stack Trace:
#0 C:\Development\Workspace\ProBakery\lib\Cake\Routing\Dispatcher.php(187): Controller->invokeAction(Object(CakeRequest))
#1 C:\Development\Workspace\ProBakery\lib\Cake\Routing\Dispatcher.php(162): Dispatcher->_invoke(Object(PagesController), Object(CakeRequest), Object(CakeResponse))
#2 C:\Development\Workspace\ProBakery\app\webroot\index.php(110): Dispatcher->dispatch(Object(CakeRequest), Object(CakeResponse))
#3 {main}
2013-06-15 07:22:46 Error: [MissingActionException] Action PagesController::2() could not be found.
Exception Attributes: array (
  'controller' => 'PagesController',
  'action' => '2',
)
Request URL: /pages/2
Stack Trace:
#0 C:\Development\Workspace\ProBakery\lib\Cake\Routing\Dispatcher.php(187): Controller->invokeAction(Object(CakeRequest))
#1 C:\Development\Workspace\ProBakery\lib\Cake\Routing\Dispatcher.php(162): Dispatcher->_invoke(Object(PagesController), Object(CakeRequest), Object(CakeResponse))
#2 C:\Development\Workspace\ProBakery\app\webroot\index.php(110): Dispatcher->dispatch(Object(CakeRequest), Object(CakeResponse))
#3 {main}
2013-06-15 07:22:47 Error: [MissingActionException] Action PagesController::2() could not be found.
Exception Attributes: array (
  'controller' => 'PagesController',
  'action' => '2',
)
Request URL: /pages/2
Stack Trace:
#0 C:\Development\Workspace\ProBakery\lib\Cake\Routing\Dispatcher.php(187): Controller->invokeAction(Object(CakeRequest))
#1 C:\Development\Workspace\ProBakery\lib\Cake\Routing\Dispatcher.php(162): Dispatcher->_invoke(Object(PagesController), Object(CakeRequest), Object(CakeResponse))
#2 C:\Development\Workspace\ProBakery\app\webroot\index.php(110): Dispatcher->dispatch(Object(CakeRequest), Object(CakeResponse))
#3 {main}
2013-06-15 07:22:50 Error: [MissingActionException] Action PagesController::index() could not be found.
Exception Attributes: array (
  'controller' => 'PagesController',
  'action' => 'index',
)
Request URL: /pages
Stack Trace:
#0 C:\Development\Workspace\ProBakery\lib\Cake\Routing\Dispatcher.php(187): Controller->invokeAction(Object(CakeRequest))
#1 C:\Development\Workspace\ProBakery\lib\Cake\Routing\Dispatcher.php(162): Dispatcher->_invoke(Object(PagesController), Object(CakeRequest), Object(CakeResponse))
#2 C:\Development\Workspace\ProBakery\app\webroot\index.php(110): Dispatcher->dispatch(Object(CakeRequest), Object(CakeResponse))
#3 {main}
2013-06-15 07:22:53 Error: [MissingControllerException] Controller class Controller could not be found.
Exception Attributes: array (
  'class' => 'Controller',
  'plugin' => NULL,
)
Request URL: /
Stack Trace:
#0 C:\Development\Workspace\ProBakery\app\webroot\index.php(110): Dispatcher->dispatch(Object(CakeRequest), Object(CakeResponse))
#1 {main}
2013-06-15 07:22:55 Error: [MissingControllerException] Controller class Controller could not be found.
Exception Attributes: array (
  'class' => 'Controller',
  'plugin' => NULL,
)
Request URL: /
Stack Trace:
#0 C:\Development\Workspace\ProBakery\app\webroot\index.php(110): Dispatcher->dispatch(Object(CakeRequest), Object(CakeResponse))
#1 {main}
2013-06-15 07:37:22 Error: [MissingActionException] Action GlobalController::index() could not be found.
Exception Attributes: array (
  'controller' => 'GlobalController',
  'action' => 'index',
)
Request URL: /global
Stack Trace:
#0 C:\Development\Workspace\ProBakery\lib\Cake\Routing\Dispatcher.php(187): Controller->invokeAction(Object(CakeRequest))
#1 C:\Development\Workspace\ProBakery\lib\Cake\Routing\Dispatcher.php(162): Dispatcher->_invoke(Object(GlobalController), Object(CakeRequest), Object(CakeResponse))
#2 C:\Development\Workspace\ProBakery\app\webroot\index.php(110): Dispatcher->dispatch(Object(CakeRequest), Object(CakeResponse))
#3 {main}
2013-06-15 07:38:41 Error: [MissingViewException] View file "C:\Development\Workspace\ProBakery\app\View\Global\index.ctp" is missing.
Exception Attributes: array (
  'file' => 'C:\\Development\\Workspace\\ProBakery\\app\\View\\Global\\index.ctp',
)
Request URL: /global
Stack Trace:
#0 C:\Development\Workspace\ProBakery\lib\Cake\View\View.php(468): View->_getViewFileName(NULL)
#1 C:\Development\Workspace\ProBakery\lib\Cake\Controller\Controller.php(948): View->render(NULL, NULL)
#2 C:\Development\Workspace\ProBakery\lib\Cake\Routing\Dispatcher.php(194): Controller->render()
#3 C:\Development\Workspace\ProBakery\lib\Cake\Routing\Dispatcher.php(162): Dispatcher->_invoke(Object(GlobalController), Object(CakeRequest), Object(CakeResponse))
#4 C:\Development\Workspace\ProBakery\app\webroot\index.php(110): Dispatcher->dispatch(Object(CakeRequest), Object(CakeResponse))
#5 {main}
2013-06-15 07:38:46 Error: [MissingViewException] View file "C:\Development\Workspace\ProBakery\app\View\Global\index.ctp" is missing.
Exception Attributes: array (
  'file' => 'C:\\Development\\Workspace\\ProBakery\\app\\View\\Global\\index.ctp',
)
Request URL: /global
Stack Trace:
#0 C:\Development\Workspace\ProBakery\lib\Cake\View\View.php(468): View->_getViewFileName(NULL)
#1 C:\Development\Workspace\ProBakery\lib\Cake\Controller\Controller.php(948): View->render(NULL, NULL)
#2 C:\Development\Workspace\ProBakery\lib\Cake\Routing\Dispatcher.php(194): Controller->render()
#3 C:\Development\Workspace\ProBakery\lib\Cake\Routing\Dispatcher.php(162): Dispatcher->_invoke(Object(GlobalController), Object(CakeRequest), Object(CakeResponse))
#4 C:\Development\Workspace\ProBakery\app\webroot\index.php(110): Dispatcher->dispatch(Object(CakeRequest), Object(CakeResponse))
#5 {main}
2013-06-15 07:39:20 Error: [MissingViewException] View file "C:\Development\Workspace\ProBakery\app\View\Global\index.ctp" is missing.
Exception Attributes: array (
  'file' => 'C:\\Development\\Workspace\\ProBakery\\app\\View\\Global\\index.ctp',
)
Request URL: /global
Stack Trace:
#0 C:\Development\Workspace\ProBakery\lib\Cake\View\View.php(468): View->_getViewFileName(NULL)
#1 C:\Development\Workspace\ProBakery\lib\Cake\Controller\Controller.php(948): View->render(NULL, NULL)
#2 C:\Development\Workspace\ProBakery\lib\Cake\Routing\Dispatcher.php(194): Controller->render()
#3 C:\Development\Workspace\ProBakery\lib\Cake\Routing\Dispatcher.php(162): Dispatcher->_invoke(Object(GlobalController), Object(CakeRequest), Object(CakeResponse))
#4 C:\Development\Workspace\ProBakery\app\webroot\index.php(110): Dispatcher->dispatch(Object(CakeRequest), Object(CakeResponse))
#5 {main}
2013-06-15 07:39:21 Error: [MissingViewException] View file "C:\Development\Workspace\ProBakery\app\View\Global\index.ctp" is missing.
Exception Attributes: array (
  'file' => 'C:\\Development\\Workspace\\ProBakery\\app\\View\\Global\\index.ctp',
)
Request URL: /global
Stack Trace:
#0 C:\Development\Workspace\ProBakery\lib\Cake\View\View.php(468): View->_getViewFileName(NULL)
#1 C:\Development\Workspace\ProBakery\lib\Cake\Controller\Controller.php(948): View->render(NULL, NULL)
#2 C:\Development\Workspace\ProBakery\lib\Cake\Routing\Dispatcher.php(194): Controller->render()
#3 C:\Development\Workspace\ProBakery\lib\Cake\Routing\Dispatcher.php(162): Dispatcher->_invoke(Object(GlobalController), Object(CakeRequest), Object(CakeResponse))
#4 C:\Development\Workspace\ProBakery\app\webroot\index.php(110): Dispatcher->dispatch(Object(CakeRequest), Object(CakeResponse))
#5 {main}
2013-06-15 07:39:23 Error: [MissingViewException] View file "C:\Development\Workspace\ProBakery\app\View\Global\index.ctp" is missing.
Exception Attributes: array (
  'file' => 'C:\\Development\\Workspace\\ProBakery\\app\\View\\Global\\index.ctp',
)
Request URL: /global
Stack Trace:
#0 C:\Development\Workspace\ProBakery\lib\Cake\View\View.php(468): View->_getViewFileName(NULL)
#1 C:\Development\Workspace\ProBakery\lib\Cake\Controller\Controller.php(948): View->render(NULL, NULL)
#2 C:\Development\Workspace\ProBakery\lib\Cake\Routing\Dispatcher.php(194): Controller->render()
#3 C:\Development\Workspace\ProBakery\lib\Cake\Routing\Dispatcher.php(162): Dispatcher->_invoke(Object(GlobalController), Object(CakeRequest), Object(CakeResponse))
#4 C:\Development\Workspace\ProBakery\app\webroot\index.php(110): Dispatcher->dispatch(Object(CakeRequest), Object(CakeResponse))
#5 {main}
2013-06-15 07:40:03 Error: [MissingControllerException] Controller class DisplayController could not be found.
Exception Attributes: array (
  'class' => 'DisplayController',
  'plugin' => NULL,
)
Request URL: /display
Stack Trace:
#0 C:\Development\Workspace\ProBakery\app\webroot\index.php(110): Dispatcher->dispatch(Object(CakeRequest), Object(CakeResponse))
#1 {main}
2013-06-15 07:40:11 Error: [MissingViewException] View file "C:\Development\Workspace\ProBakery\app\View\Global\index.ctp" is missing.
Exception Attributes: array (
  'file' => 'C:\\Development\\Workspace\\ProBakery\\app\\View\\Global\\index.ctp',
)
Request URL: /global
Stack Trace:
#0 C:\Development\Workspace\ProBakery\lib\Cake\View\View.php(468): View->_getViewFileName(NULL)
#1 C:\Development\Workspace\ProBakery\lib\Cake\Controller\Controller.php(948): View->render(NULL, NULL)
#2 C:\Development\Workspace\ProBakery\lib\Cake\Routing\Dispatcher.php(194): Controller->render()
#3 C:\Development\Workspace\ProBakery\lib\Cake\Routing\Dispatcher.php(162): Dispatcher->_invoke(Object(GlobalController), Object(CakeRequest), Object(CakeResponse))
#4 C:\Development\Workspace\ProBakery\app\webroot\index.php(110): Dispatcher->dispatch(Object(CakeRequest), Object(CakeResponse))
#5 {main}
2013-06-15 07:48:47 Error: [MissingControllerException] Controller class AsfdController could not be found.
Exception Attributes: array (
  'class' => 'AsfdController',
  'plugin' => NULL,
)
Request URL: /asfd
Stack Trace:
#0 C:\Development\Workspace\ProBakery\app\webroot\index.php(110): Dispatcher->dispatch(Object(CakeRequest), Object(CakeResponse))
#1 {main}
2013-06-15 07:48:49 Error: [MissingControllerException] Controller class AsfdasdfController could not be found.
Exception Attributes: array (
  'class' => 'AsfdasdfController',
  'plugin' => NULL,
)
Request URL: /asfdasdf
Stack Trace:
#0 C:\Development\Workspace\ProBakery\app\webroot\index.php(110): Dispatcher->dispatch(Object(CakeRequest), Object(CakeResponse))
#1 {main}
2013-06-15 07:50:38 Error: [MissingControllerException] Controller class AsfdasdfController could not be found.
Exception Attributes: array (
  'class' => 'AsfdasdfController',
  'plugin' => NULL,
)
Request URL: /asfdasdf/asdf
Stack Trace:
#0 C:\Development\Workspace\ProBakery\app\webroot\index.php(110): Dispatcher->dispatch(Object(CakeRequest), Object(CakeResponse))
#1 {main}
2013-06-15 07:50:39 Error: [MissingControllerException] Controller class AsfdasdfController could not be found.
Exception Attributes: array (
  'class' => 'AsfdasdfController',
  'plugin' => NULL,
)
Request URL: /asfdasdf/asdf
Stack Trace:
#0 C:\Development\Workspace\ProBakery\app\webroot\index.php(110): Dispatcher->dispatch(Object(CakeRequest), Object(CakeResponse))
#1 {main}
2013-06-15 07:53:35 Error: [MissingControllerException] Controller class AsfdasdfController could not be found.
Exception Attributes: array (
  'class' => 'AsfdasdfController',
  'plugin' => NULL,
)
Request URL: /asfdasdf/asdf
Stack Trace:
#0 C:\Development\Workspace\ProBakery\app\webroot\index.php(110): Dispatcher->dispatch(Object(CakeRequest), Object(CakeResponse))
#1 {main}
2013-06-15 07:53:41 Error: [MissingControllerException] Controller class AsfdasdfController could not be found.
Exception Attributes: array (
  'class' => 'AsfdasdfController',
  'plugin' => NULL,
)
Request URL: /asfdasdf/asdf
Stack Trace:
#0 C:\Development\Workspace\ProBakery\app\webroot\index.php(110): Dispatcher->dispatch(Object(CakeRequest), Object(CakeResponse))
#1 {main}
2013-06-15 07:53:44 Error: [MissingControllerException] Controller class AsfdasdfController could not be found.
Exception Attributes: array (
  'class' => 'AsfdasdfController',
  'plugin' => NULL,
)
Request URL: /asfdasdf/asdf
Stack Trace:
#0 C:\Development\Workspace\ProBakery\app\webroot\index.php(110): Dispatcher->dispatch(Object(CakeRequest), Object(CakeResponse))
#1 {main}
2013-06-15 07:54:47 Error: [MissingControllerException] Controller class AsfdasdfController could not be found.
Exception Attributes: array (
  'class' => 'AsfdasdfController',
  'plugin' => NULL,
)
Request URL: /asfdasdf/asdf
Stack Trace:
#0 C:\Development\Workspace\ProBakery\app\webroot\index.php(110): Dispatcher->dispatch(Object(CakeRequest), Object(CakeResponse))
#1 {main}
2013-06-16 02:33:56 Error: [MissingControllerException] Controller class AsdfController could not be found.
Exception Attributes: array (
  'class' => 'AsdfController',
  'plugin' => NULL,
)
Request URL: /asdf
Stack Trace:
#0 C:\Development\Workspace\ProBakery\apps\main\webroot\index.php(110): Dispatcher->dispatch(Object(CakeRequest), Object(CakeResponse))
#1 {main}
2013-06-16 02:34:06 Error: [MissingActionException] Action GlobalController::asdf() could not be found.
Exception Attributes: array (
  'controller' => 'GlobalController',
  'action' => 'asdf',
)
Request URL: /global/asdf
Stack Trace:
#0 C:\Development\Workspace\ProBakery\Vendor\Cake\Routing\Dispatcher.php(187): Controller->invokeAction(Object(CakeRequest))
#1 C:\Development\Workspace\ProBakery\Vendor\Cake\Routing\Dispatcher.php(162): Dispatcher->_invoke(Object(GlobalController), Object(CakeRequest), Object(CakeResponse))
#2 C:\Development\Workspace\ProBakery\apps\main\webroot\index.php(110): Dispatcher->dispatch(Object(CakeRequest), Object(CakeResponse))
#3 {main}
2013-06-16 02:35:25 Error: [MissingControllerException] Controller class TestController could not be found.
Exception Attributes: array (
  'class' => 'TestController',
  'plugin' => NULL,
)
Request URL: /test
Stack Trace:
#0 C:\Development\Workspace\ProBakery\apps\main\webroot\index.php(110): Dispatcher->dispatch(Object(CakeRequest), Object(CakeResponse))
#1 {main}
2013-06-16 02:36:41 Error: [MissingActionException] Action GlobalController::test() could not be found.
Exception Attributes: array (
  'controller' => 'GlobalController',
  'action' => 'test',
)
Request URL: /global/test
Stack Trace:
#0 C:\Development\Workspace\ProBakery\Vendor\Cake\Routing\Dispatcher.php(187): Controller->invokeAction(Object(CakeRequest))
#1 C:\Development\Workspace\ProBakery\Vendor\Cake\Routing\Dispatcher.php(162): Dispatcher->_invoke(Object(GlobalController), Object(CakeRequest), Object(CakeResponse))
#2 C:\Development\Workspace\ProBakery\apps\main\webroot\index.php(110): Dispatcher->dispatch(Object(CakeRequest), Object(CakeResponse))
#3 {main}
